<?xml version="1.0" encoding="UTF-8"?>
<testsuite xmlns:xsi="http://www.w3.org/2001/XMLSchema-instance" xsi:noNamespaceSchemaLocation="https://maven.apache.org/surefire/maven-surefire-plugin/xsd/surefire-test-report.xsd" name="ibf2021.day1.cartTest" time="0" tests="1" errors="1" skipped="0" failures="0">
  <properties>
[...]
</properties>
  <testcase name="testAdd" classname="ibf2021.day1.cartTest" time="0">
    <error message="Unresolved compilation problems: &#10;	Cart cannot be resolved to a type&#10;	Cart cannot be resolved to a type&#10;" type="java.lang.Error">java.lang.Error: 
Unresolved compilation problems: 
	Cart cannot be resolved to a type
	Cart cannot be resolved to a type

	at ibf2021.day1.cartTest.testAdd(cartTest.java:11)
</error>
  </testcase>
</testsuite>